<?xml version="1.0" encoding="UTF-8"?>
<!-- Generated by org.testng.reporters.JUnitXMLReporter -->
<testsuite ignored="0" hostname="LAPTOP-KJ92U2DL" failures="3" tests="25" name="Test" time="435.674" errors="0" timestamp="2024-11-26T16:05:51 IST">
  <testcase classname="testCase.TC001_NewUserRegistration" name="new_user_registration" time="14.616"/>
  <testcase classname="testCase.TC002_Login_Build1_Test" name="veriy_Login" time="0.7"/>
  <testcase classname="testCase.TC003_Login_DDT_Build1" name="verify_LoginDDT" time="0.358"/>
  <testcase classname="testCase.TC003_Login_DDT_Build1" name="verify_LoginDDT" time="0.332"/>
  <testcase classname="testCase.TC003_Login_DDT_Build1" name="verify_LoginDDT" time="1.055"/>
  <testcase classname="testCase.TC003_Login_DDT_Build1" name="verify_LoginDDT" time="0.133"/>
  <testcase classname="testCase.TC003_Login_DDT_Build1" name="verify_LoginDDT" time="0.318"/>
  <testcase classname="testCase.TC003_Login_DDT_Build1" name="verify_LoginDDT" time="0.126"/>
  <testcase classname="testCase.TC004_Search_Hotel_Test_Build1" name="FillSearchHotel" time="11.1"/>
  <testcase classname="testCase.TC005_CheckOut_Date_Test_Build1" name="Verify_CheckOut_Date" time="14.102"/>
  <testcase classname="testCase.TC006_Select_Hotel_Test_Build1" name="Verify_Hotel" time="5.466"/>
  <testcase classname="testCase.TC007_Hotel_Data_Vrification_Test_Build1" name="Verify_HotelData" time="20.951"/>
  <testcase classname="testCase.TC008_Price_Validation_Test_Build1" name="Price_Validation" time="11.738">
    <failure type="java.lang.AssertionError" message="Final price mismatch! expected [AUD $ 2062.5] but found [AUD $ 2073.5]">
      <![CDATA[java.lang.AssertionError: Final price mismatch! expected [AUD $ 2062.5] but found [AUD $ 2073.5]
at testCase.TC008_Price_Validation_Test_Build1.Price_Validation(TC008_Price_Validation_Test_Build1.java:84)
at java.base/java.util.ArrayList.forEach(ArrayList.java:1511)
... Removed 32 stack frames]]>
    </failure>
  </testcase> <!-- Price_Validation -->
  <testcase classname="testCase.TC009_Book_Hotel_Test_Build1" name="Verify_BookingHotel" time="27.821"/>
  <testcase classname="testCase.TC010_Booking_Confirmation_Test_Build1" name="BookingConfirmation" time="33.056">
    <failure type="java.lang.AssertionError" message="The following asserts failed:
	RoomType Not Matched expected [Deluxe] but found [Standard],
	Price Per Night Not Matched expected [null] but found [AUD $ 375],
	Total Price Not Matched expected [null] but found [AUD $ 1885],
	GST Not Matched expected [null] but found [AUD $ 188.5],
	Final Price Not Matched expected [null] but found [AUD $ 2073.5],
	Last Name Not Matched expected [Hatori] but found []">
      <![CDATA[java.lang.AssertionError: The following asserts failed:
RoomType Not Matched expected [Deluxe] but found [Standard],
Price Per Night Not Matched expected [null] but found [AUD $ 375],
Total Price Not Matched expected [null] but found [AUD $ 1885],
GST Not Matched expected [null] but found [AUD $ 188.5],
Final Price Not Matched expected [null] but found [AUD $ 2073.5],
Last Name Not Matched expected [Hatori] but found []
at testCase.TC010_Booking_Confirmation_Test_Build1.BookingConfirmation(TC010_Booking_Confirmation_Test_Build1.java:95)
at java.base/java.util.ArrayList.forEach(ArrayList.java:1511)
... Removed 29 stack frames]]>
    </failure>
  </testcase> <!-- BookingConfirmation -->
  <testcase classname="testCase.TC011_Itenary_Test_Build1" name="MyItenary" time="38.489"/>
  <testcase classname="testCase.TC012_LoginTest_Build2" name="veriy_Login" time="1.723"/>
  <testcase classname="testCase.TC013_SearchHotelTest_Build2" name="FillSearchHotel" time="11.956"/>
  <testcase classname="testCase.TC014_CheckOutDateTest_Build2" name="Verify_CheckOut_Date" time="13.953"/>
  <testcase classname="testCase.TC015_SelectHotelTest_Build2" name="Verify_Hotel" time="12.668"/>
  <testcase classname="testCase.TC016_HotelDataVerificationTest_Build2" name="Verify_HotelData" time="25.608"/>
  <testcase classname="testCase.TC017_PriceValidationTest_Build2" name="Price_Validation" time="12.692"/>
  <testcase classname="testCase.TC018_BookHotelTest_Build2" name="Verify_BookingHotel" time="28.304"/>
  <testcase classname="testCase.TC019_BookingConfirmationTest_Build2" name="BookingConfirmation" time="34.424">
    <failure type="java.lang.AssertionError" message="The following asserts failed:
	Price Per Night Not Matched expected [null] but found [AUD $ 375],
	Total Price Not Matched expected [null] but found [AUD $ 1875],
	GST Not Matched expected [null] but found [AUD $ 187.5],
	Final Price Not Matched expected [null] but found [AUD $ 2062.5]">
      <![CDATA[java.lang.AssertionError: The following asserts failed:
Price Per Night Not Matched expected [null] but found [AUD $ 375],
Total Price Not Matched expected [null] but found [AUD $ 1875],
GST Not Matched expected [null] but found [AUD $ 187.5],
Final Price Not Matched expected [null] but found [AUD $ 2062.5]
at testCase.TC019_BookingConfirmationTest_Build2.BookingConfirmation(TC019_BookingConfirmationTest_Build2.java:95)
at java.base/java.util.ArrayList.forEach(ArrayList.java:1511)
... Removed 29 stack frames]]>
    </failure>
  </testcase> <!-- BookingConfirmation -->
  <testcase classname="testCase.TC020_ItenaryTest_Build2" name="MyItenary" time="40.233"/>
</testsuite> <!-- Test -->
