<html>
<head>
<title>TestNG:  Test</title>
<link href="../testng.css" rel="stylesheet" type="text/css" />
<link href="../my-testng.css" rel="stylesheet" type="text/css" />

<style type="text/css">
.log { display: none;} 
.stack-trace { display: none;} 
</style>
<script type="text/javascript">
<!--
function flip(e) {
  current = e.style.display;
  if (current == 'block') {
    e.style.display = 'none';
    return 0;
  }
  else {
    e.style.display = 'block';
    return 1;
  }
}

function toggleBox(szDivId, elem, msg1, msg2)
{
  var res = -1;  if (document.getElementById) {
    res = flip(document.getElementById(szDivId));
  }
  else if (document.all) {
    // this is the way old msie versions work
    res = flip(document.all[szDivId]);
  }
  if(elem) {
    if(res == 0) elem.innerHTML = msg1; else elem.innerHTML = msg2;
  }

}

function toggleAllBoxes() {
  if (document.getElementsByTagName) {
    d = document.getElementsByTagName('div');
    for (i = 0; i < d.length; i++) {
      if (d[i].className == 'log') {
        flip(d[i]);
      }
    }
  }
}

// -->
</script>

</head>
<body>
<h2 align='center'>Test</h2><table border='1' align="center">
<tr>
<td>Tests passed/Failed/Skipped:</td><td>22/3/0</td>
</tr><tr>
<td>Started on:</td><td>Tue Nov 26 15:58:33 IST 2024</td>
</tr>
<tr><td>Total time:</td><td>435 seconds (435674 ms)</td>
</tr><tr>
<td>Included groups:</td><td>Build1 DDT Build2 General </td>
</tr><tr>
<td>Excluded groups:</td><td></td>
</tr>
</table><p/>
<small><i>(Hover the method name to see the test class name)</i></small><p/>
<table width='100%' border='1' class='invocation-failed'>
<tr><td colspan='4' align='center'><b>FAILED TESTS</b></td></tr>
<tr><td><b>Test method</b></td>
<td><b>Attribute(s)</b></td>
<td width="30%"><b>Exception</b></td>
<td width="10%"><b>Time (seconds)</b></td>
<td><b>Instance</b></td>
</tr>
<tr>
<td title='testCase.TC008_Price_Validation_Test_Build1.Price_Validation()'><b>Price_Validation</b><br>Test class: testCase.TC008_Price_Validation_Test_Build1<br>Parameters: org.testng.TestRunner@25d0b918</td>
<td><div><pre>java.lang.AssertionError: Final price mismatch! expected [AUD $ 2062.5] but found [AUD $ 2073.5]
	at testCase.TC008_Price_Validation_Test_Build1.Price_Validation(TC008_Price_Validation_Test_Build1.java:84)
	at java.base/java.util.ArrayList.forEach(ArrayList.java:1511)
... Removed 32 stack frames</pre></div><a href='#' onClick='toggleBox("stack-trace2040509534", this, "Click to show all stack frames", "Click to hide stack frames")'>Click to show all stack frames</a>
<div class='stack-trace' id='stack-trace2040509534'><pre>java.lang.AssertionError: Final price mismatch! expected [AUD $ 2062.5] but found [AUD $ 2073.5]
	at org.testng.Assert.fail(Assert.java:111)
	at org.testng.Assert.failNotEquals(Assert.java:1578)
	at org.testng.Assert.assertEqualsImpl(Assert.java:150)
	at org.testng.Assert.assertEquals(Assert.java:132)
	at org.testng.Assert.assertEquals(Assert.java:656)
	at testCase.TC008_Price_Validation_Test_Build1.Price_Validation(TC008_Price_Validation_Test_Build1.java:84)
	at java.base/jdk.internal.reflect.NativeMethodAccessorImpl.invoke0(Native Method)
	at java.base/jdk.internal.reflect.NativeMethodAccessorImpl.invoke(NativeMethodAccessorImpl.java:77)
	at java.base/jdk.internal.reflect.DelegatingMethodAccessorImpl.invoke(DelegatingMethodAccessorImpl.java:43)
	at java.base/java.lang.reflect.Method.invoke(Method.java:568)
	at org.testng.internal.invokers.MethodInvocationHelper.invokeMethod(MethodInvocationHelper.java:139)
	at org.testng.internal.invokers.TestInvoker.invokeMethod(TestInvoker.java:664)
	at org.testng.internal.invokers.TestInvoker.invokeTestMethod(TestInvoker.java:227)
	at org.testng.internal.invokers.MethodRunner.runInSequence(MethodRunner.java:50)
	at org.testng.internal.invokers.TestInvoker$MethodInvocationAgent.invoke(TestInvoker.java:957)
	at org.testng.internal.invokers.TestInvoker.invokeTestMethods(TestInvoker.java:200)
	at org.testng.internal.invokers.TestMethodWorker.invokeTestMethods(TestMethodWorker.java:148)
	at org.testng.internal.invokers.TestMethodWorker.run(TestMethodWorker.java:128)
	at java.base/java.util.ArrayList.forEach(ArrayList.java:1511)
	at org.testng.TestRunner.privateRun(TestRunner.java:848)
	at org.testng.TestRunner.run(TestRunner.java:621)
	at org.testng.SuiteRunner.runTest(SuiteRunner.java:443)
	at org.testng.SuiteRunner.runSequentially(SuiteRunner.java:437)
	at org.testng.SuiteRunner.privateRun(SuiteRunner.java:397)
	at org.testng.SuiteRunner.run(SuiteRunner.java:336)
	at org.testng.SuiteRunnerWorker.runSuite(SuiteRunnerWorker.java:52)
	at org.testng.SuiteRunnerWorker.run(SuiteRunnerWorker.java:95)
	at org.testng.TestNG.runSuitesSequentially(TestNG.java:1280)
	at org.testng.TestNG.runSuitesLocally(TestNG.java:1200)
	at org.testng.TestNG.runSuites(TestNG.java:1114)
	at org.testng.TestNG.run(TestNG.java:1082)
	at org.testng.remote.AbstractRemoteTestNG.run(AbstractRemoteTestNG.java:115)
	at org.testng.remote.RemoteTestNG.initAndRun(RemoteTestNG.java:293)
	at org.testng.remote.RemoteTestNG.main(RemoteTestNG.java:91)
</pre></div></td>
<td>11</td>
<td>testCase.TC008_Price_Validation_Test_Build1@5e01a982</td></tr>
<tr>
<td title='testCase.TC019_BookingConfirmationTest_Build2.BookingConfirmation()'><b>BookingConfirmation</b><br>Test class: testCase.TC019_BookingConfirmationTest_Build2</td>
<td><div><pre>java.lang.AssertionError: The following asserts failed:
	Price Per Night Not Matched expected [null] but found [AUD $ 375],
	Total Price Not Matched expected [null] but found [AUD $ 1875],
	GST Not Matched expected [null] but found [AUD $ 187.5],
	Final Price Not Matched expected [null] but found [AUD $ 2062.5]
	at testCase.TC019_BookingConfirmationTest_Build2.BookingConfirmation(TC019_BookingConfirmationTest_Build2.java:95)
	at java.base/java.util.ArrayList.forEach(ArrayList.java:1511)
... Removed 29 stack frames</pre></div><a href='#' onClick='toggleBox("stack-trace1558852838", this, "Click to show all stack frames", "Click to hide stack frames")'>Click to show all stack frames</a>
<div class='stack-trace' id='stack-trace1558852838'><pre>java.lang.AssertionError: The following asserts failed:
	Price Per Night Not Matched expected [null] but found [AUD $ 375],
	Total Price Not Matched expected [null] but found [AUD $ 1875],
	GST Not Matched expected [null] but found [AUD $ 187.5],
	Final Price Not Matched expected [null] but found [AUD $ 2062.5]
	at org.testng.asserts.SoftAssert.assertAll(SoftAssert.java:46)
	at org.testng.asserts.SoftAssert.assertAll(SoftAssert.java:30)
	at testCase.TC019_BookingConfirmationTest_Build2.BookingConfirmation(TC019_BookingConfirmationTest_Build2.java:95)
	at java.base/jdk.internal.reflect.NativeMethodAccessorImpl.invoke0(Native Method)
	at java.base/jdk.internal.reflect.NativeMethodAccessorImpl.invoke(NativeMethodAccessorImpl.java:77)
	at java.base/jdk.internal.reflect.DelegatingMethodAccessorImpl.invoke(DelegatingMethodAccessorImpl.java:43)
	at java.base/java.lang.reflect.Method.invoke(Method.java:568)
	at org.testng.internal.invokers.MethodInvocationHelper.invokeMethod(MethodInvocationHelper.java:139)
	at org.testng.internal.invokers.TestInvoker.invokeMethod(TestInvoker.java:664)
	at org.testng.internal.invokers.TestInvoker.invokeTestMethod(TestInvoker.java:227)
	at org.testng.internal.invokers.MethodRunner.runInSequence(MethodRunner.java:50)
	at org.testng.internal.invokers.TestInvoker$MethodInvocationAgent.invoke(TestInvoker.java:957)
	at org.testng.internal.invokers.TestInvoker.invokeTestMethods(TestInvoker.java:200)
	at org.testng.internal.invokers.TestMethodWorker.invokeTestMethods(TestMethodWorker.java:148)
	at org.testng.internal.invokers.TestMethodWorker.run(TestMethodWorker.java:128)
	at java.base/java.util.ArrayList.forEach(ArrayList.java:1511)
	at org.testng.TestRunner.privateRun(TestRunner.java:848)
	at org.testng.TestRunner.run(TestRunner.java:621)
	at org.testng.SuiteRunner.runTest(SuiteRunner.java:443)
	at org.testng.SuiteRunner.runSequentially(SuiteRunner.java:437)
	at org.testng.SuiteRunner.privateRun(SuiteRunner.java:397)
	at org.testng.SuiteRunner.run(SuiteRunner.java:336)
	at org.testng.SuiteRunnerWorker.runSuite(SuiteRunnerWorker.java:52)
	at org.testng.SuiteRunnerWorker.run(SuiteRunnerWorker.java:95)
	at org.testng.TestNG.runSuitesSequentially(TestNG.java:1280)
	at org.testng.TestNG.runSuitesLocally(TestNG.java:1200)
	at org.testng.TestNG.runSuites(TestNG.java:1114)
	at org.testng.TestNG.run(TestNG.java:1082)
	at org.testng.remote.AbstractRemoteTestNG.run(AbstractRemoteTestNG.java:115)
	at org.testng.remote.RemoteTestNG.initAndRun(RemoteTestNG.java:293)
	at org.testng.remote.RemoteTestNG.main(RemoteTestNG.java:91)
</pre></div></td>
<td>34</td>
<td>testCase.TC019_BookingConfirmationTest_Build2@4b9df8a</td></tr>
<tr>
<td title='testCase.TC010_Booking_Confirmation_Test_Build1.BookingConfirmation()'><b>BookingConfirmation</b><br>Test class: testCase.TC010_Booking_Confirmation_Test_Build1</td>
<td><div><pre>java.lang.AssertionError: The following asserts failed:
	RoomType Not Matched expected [Deluxe] but found [Standard],
	Price Per Night Not Matched expected [null] but found [AUD $ 375],
	Total Price Not Matched expected [null] but found [AUD $ 1885],
	GST Not Matched expected [null] but found [AUD $ 188.5],
	Final Price Not Matched expected [null] but found [AUD $ 2073.5],
	Last Name Not Matched expected [Hatori] but found []
	at testCase.TC010_Booking_Confirmation_Test_Build1.BookingConfirmation(TC010_Booking_Confirmation_Test_Build1.java:95)
	at java.base/java.util.ArrayList.forEach(ArrayList.java:1511)
... Removed 29 stack frames</pre></div><a href='#' onClick='toggleBox("stack-trace902967599", this, "Click to show all stack frames", "Click to hide stack frames")'>Click to show all stack frames</a>
<div class='stack-trace' id='stack-trace902967599'><pre>java.lang.AssertionError: The following asserts failed:
	RoomType Not Matched expected [Deluxe] but found [Standard],
	Price Per Night Not Matched expected [null] but found [AUD $ 375],
	Total Price Not Matched expected [null] but found [AUD $ 1885],
	GST Not Matched expected [null] but found [AUD $ 188.5],
	Final Price Not Matched expected [null] but found [AUD $ 2073.5],
	Last Name Not Matched expected [Hatori] but found []
	at org.testng.asserts.SoftAssert.assertAll(SoftAssert.java:46)
	at org.testng.asserts.SoftAssert.assertAll(SoftAssert.java:30)
	at testCase.TC010_Booking_Confirmation_Test_Build1.BookingConfirmation(TC010_Booking_Confirmation_Test_Build1.java:95)
	at java.base/jdk.internal.reflect.NativeMethodAccessorImpl.invoke0(Native Method)
	at java.base/jdk.internal.reflect.NativeMethodAccessorImpl.invoke(NativeMethodAccessorImpl.java:77)
	at java.base/jdk.internal.reflect.DelegatingMethodAccessorImpl.invoke(DelegatingMethodAccessorImpl.java:43)
	at java.base/java.lang.reflect.Method.invoke(Method.java:568)
	at org.testng.internal.invokers.MethodInvocationHelper.invokeMethod(MethodInvocationHelper.java:139)
	at org.testng.internal.invokers.TestInvoker.invokeMethod(TestInvoker.java:664)
	at org.testng.internal.invokers.TestInvoker.invokeTestMethod(TestInvoker.java:227)
	at org.testng.internal.invokers.MethodRunner.runInSequence(MethodRunner.java:50)
	at org.testng.internal.invokers.TestInvoker$MethodInvocationAgent.invoke(TestInvoker.java:957)
	at org.testng.internal.invokers.TestInvoker.invokeTestMethods(TestInvoker.java:200)
	at org.testng.internal.invokers.TestMethodWorker.invokeTestMethods(TestMethodWorker.java:148)
	at org.testng.internal.invokers.TestMethodWorker.run(TestMethodWorker.java:128)
	at java.base/java.util.ArrayList.forEach(ArrayList.java:1511)
	at org.testng.TestRunner.privateRun(TestRunner.java:848)
	at org.testng.TestRunner.run(TestRunner.java:621)
	at org.testng.SuiteRunner.runTest(SuiteRunner.java:443)
	at org.testng.SuiteRunner.runSequentially(SuiteRunner.java:437)
	at org.testng.SuiteRunner.privateRun(SuiteRunner.java:397)
	at org.testng.SuiteRunner.run(SuiteRunner.java:336)
	at org.testng.SuiteRunnerWorker.runSuite(SuiteRunnerWorker.java:52)
	at org.testng.SuiteRunnerWorker.run(SuiteRunnerWorker.java:95)
	at org.testng.TestNG.runSuitesSequentially(TestNG.java:1280)
	at org.testng.TestNG.runSuitesLocally(TestNG.java:1200)
	at org.testng.TestNG.runSuites(TestNG.java:1114)
	at org.testng.TestNG.run(TestNG.java:1082)
	at org.testng.remote.AbstractRemoteTestNG.run(AbstractRemoteTestNG.java:115)
	at org.testng.remote.RemoteTestNG.initAndRun(RemoteTestNG.java:293)
	at org.testng.remote.RemoteTestNG.main(RemoteTestNG.java:91)
</pre></div></td>
<td>33</td>
<td>testCase.TC010_Booking_Confirmation_Test_Build1@5ee2b6f9</td></tr>
</table><p>
<table width='100%' border='1' class='invocation-passed'>
<tr><td colspan='4' align='center'><b>PASSED TESTS</b></td></tr>
<tr><td><b>Test method</b></td>
<td><b>Attribute(s)</b></td>
<td width="30%"><b>Exception</b></td>
<td width="10%"><b>Time (seconds)</b></td>
<td><b>Instance</b></td>
</tr>
<tr>
<td title='testCase.TC003_Login_DDT_Build1.verify_LoginDDT()'><b>verify_LoginDDT</b><br>Test class: testCase.TC003_Login_DDT_Build1<br>Parameters: MamtaKapoor, A30004, invalid</td>
<td></td>
<td>0</td>
<td>testCase.TC003_Login_DDT_Build1@54a67a45</td></tr>
<tr>
<td title='testCase.TC003_Login_DDT_Build1.verify_LoginDDT()'><b>verify_LoginDDT</b><br>Test class: testCase.TC003_Login_DDT_Build1<br>Parameters: NinjaHatori, A30004, valid</td>
<td></td>
<td>1</td>
<td>testCase.TC003_Login_DDT_Build1@54a67a45</td></tr>
<tr>
<td title='testCase.TC014_CheckOutDateTest_Build2.Verify_CheckOut_Date()'><b>Verify_CheckOut_Date</b><br>Test class: testCase.TC014_CheckOutDateTest_Build2</td>
<td></td>
<td>13</td>
<td>testCase.TC014_CheckOutDateTest_Build2@13e547a9</td></tr>
<tr>
<td title='testCase.TC002_Login_Build1_Test.veriy_Login()'><b>veriy_Login</b><br>Test class: testCase.TC002_Login_Build1_Test</td>
<td></td>
<td>0</td>
<td>testCase.TC002_Login_Build1_Test@2e554a3b</td></tr>
<tr>
<td title='testCase.TC013_SearchHotelTest_Build2.FillSearchHotel()'><b>FillSearchHotel</b><br>Test class: testCase.TC013_SearchHotelTest_Build2</td>
<td></td>
<td>11</td>
<td>testCase.TC013_SearchHotelTest_Build2@58fb7731</td></tr>
<tr>
<td title='testCase.TC016_HotelDataVerificationTest_Build2.Verify_HotelData()'><b>Verify_HotelData</b><br>Test class: testCase.TC016_HotelDataVerificationTest_Build2</td>
<td></td>
<td>25</td>
<td>testCase.TC016_HotelDataVerificationTest_Build2@37ddb69a</td></tr>
<tr>
<td title='testCase.TC003_Login_DDT_Build1.verify_LoginDDT()'><b>verify_LoginDDT</b><br>Test class: testCase.TC003_Login_DDT_Build1<br>Parameters: , A30004, invalid</td>
<td></td>
<td>0</td>
<td>testCase.TC003_Login_DDT_Build1@54a67a45</td></tr>
<tr>
<td title='testCase.TC004_Search_Hotel_Test_Build1.FillSearchHotel()'><b>FillSearchHotel</b><br>Test class: testCase.TC004_Search_Hotel_Test_Build1</td>
<td></td>
<td>11</td>
<td>testCase.TC004_Search_Hotel_Test_Build1@7d42c224</td></tr>
<tr>
<td title='testCase.TC015_SelectHotelTest_Build2.Verify_Hotel()'><b>Verify_Hotel</b><br>Test class: testCase.TC015_SelectHotelTest_Build2</td>
<td></td>
<td>12</td>
<td>testCase.TC015_SelectHotelTest_Build2@3fb6cf60</td></tr>
<tr>
<td title='testCase.TC012_LoginTest_Build2.veriy_Login()'><b>veriy_Login</b><br>Test class: testCase.TC012_LoginTest_Build2</td>
<td></td>
<td>1</td>
<td>testCase.TC012_LoginTest_Build2@704f1591</td></tr>
<tr>
<td title='testCase.TC011_Itenary_Test_Build1.MyItenary()'><b>MyItenary</b><br>Test class: testCase.TC011_Itenary_Test_Build1</td>
<td></td>
<td>38</td>
<td>testCase.TC011_Itenary_Test_Build1@23d1e5d0</td></tr>
<tr>
<td title='testCase.TC006_Select_Hotel_Test_Build1.Verify_Hotel()'><b>Verify_Hotel</b><br>Test class: testCase.TC006_Select_Hotel_Test_Build1</td>
<td></td>
<td>5</td>
<td>testCase.TC006_Select_Hotel_Test_Build1@522a32b1</td></tr>
<tr>
<td title='testCase.TC003_Login_DDT_Build1.verify_LoginDDT()'><b>verify_LoginDDT</b><br>Test class: testCase.TC003_Login_DDT_Build1<br>Parameters: NinjaHatori, JS2200, invalid</td>
<td></td>
<td>0</td>
<td>testCase.TC003_Login_DDT_Build1@54a67a45</td></tr>
<tr>
<td title='testCase.TC001_NewUserRegistration.new_user_registration()'><b>new_user_registration</b><br>Test class: testCase.TC001_NewUserRegistration</td>
<td></td>
<td>14</td>
<td>testCase.TC001_NewUserRegistration@544820b7</td></tr>
<tr>
<td title='testCase.TC007_Hotel_Data_Vrification_Test_Build1.Verify_HotelData()'><b>Verify_HotelData</b><br>Test class: testCase.TC007_Hotel_Data_Vrification_Test_Build1</td>
<td></td>
<td>20</td>
<td>testCase.TC007_Hotel_Data_Vrification_Test_Build1@35390ee3</td></tr>
<tr>
<td title='testCase.TC009_Book_Hotel_Test_Build1.Verify_BookingHotel()'><b>Verify_BookingHotel</b><br>Test class: testCase.TC009_Book_Hotel_Test_Build1</td>
<td></td>
<td>27</td>
<td>testCase.TC009_Book_Hotel_Test_Build1@5ddea849</td></tr>
<tr>
<td title='testCase.TC017_PriceValidationTest_Build2.Price_Validation()'><b>Price_Validation</b><br>Test class: testCase.TC017_PriceValidationTest_Build2</td>
<td></td>
<td>12</td>
<td>testCase.TC017_PriceValidationTest_Build2@349c1daf</td></tr>
<tr>
<td title='testCase.TC003_Login_DDT_Build1.verify_LoginDDT()'><b>verify_LoginDDT</b><br>Test class: testCase.TC003_Login_DDT_Build1<br>Parameters: MamtaKapoor, JS2200, invalid</td>
<td></td>
<td>0</td>
<td>testCase.TC003_Login_DDT_Build1@54a67a45</td></tr>
<tr>
<td title='testCase.TC003_Login_DDT_Build1.verify_LoginDDT()'><b>verify_LoginDDT</b><br>Test class: testCase.TC003_Login_DDT_Build1<br>Parameters: NinjaHatori, , invalid</td>
<td></td>
<td>0</td>
<td>testCase.TC003_Login_DDT_Build1@54a67a45</td></tr>
<tr>
<td title='testCase.TC018_BookHotelTest_Build2.Verify_BookingHotel()'><b>Verify_BookingHotel</b><br>Test class: testCase.TC018_BookHotelTest_Build2</td>
<td></td>
<td>28</td>
<td>testCase.TC018_BookHotelTest_Build2@dfddc9a</td></tr>
<tr>
<td title='testCase.TC020_ItenaryTest_Build2.MyItenary()'><b>MyItenary</b><br>Test class: testCase.TC020_ItenaryTest_Build2</td>
<td></td>
<td>40</td>
<td>testCase.TC020_ItenaryTest_Build2@5e8ac0e1</td></tr>
<tr>
<td title='testCase.TC005_CheckOut_Date_Test_Build1.Verify_CheckOut_Date()'><b>Verify_CheckOut_Date</b><br>Test class: testCase.TC005_CheckOut_Date_Test_Build1</td>
<td></td>
<td>14</td>
<td>testCase.TC005_CheckOut_Date_Test_Build1@56aaaecd</td></tr>
</table><p>
</body>
</html>