<?xml version="1.0" encoding="UTF-8"?>
<testng-results ignored="0" total="25" passed="22" failed="3" skipped="0">
  <reporter-output>
  </reporter-output>
  <suite started-at="2024-11-26T15:58:33 IST" name="Suite" finished-at="2024-11-26T16:05:49 IST" duration-ms="435674">
    <groups>
      <group name="Build1">
        <method signature="TC002_Login_Build1_Test.veriy_Login()[pri:3, instance:testCase.TC002_Login_Build1_Test@2e554a3b]" name="veriy_Login" class="testCase.TC002_Login_Build1_Test"/>
        <method signature="TC004_Search_Hotel_Test_Build1.FillSearchHotel()[pri:3, instance:testCase.TC004_Search_Hotel_Test_Build1@7d42c224]" name="FillSearchHotel" class="testCase.TC004_Search_Hotel_Test_Build1"/>
        <method signature="TC005_CheckOut_Date_Test_Build1.Verify_CheckOut_Date()[pri:3, instance:testCase.TC005_CheckOut_Date_Test_Build1@56aaaecd]" name="Verify_CheckOut_Date" class="testCase.TC005_CheckOut_Date_Test_Build1"/>
        <method signature="TC006_Select_Hotel_Test_Build1.Verify_Hotel()[pri:3, instance:testCase.TC006_Select_Hotel_Test_Build1@522a32b1]" name="Verify_Hotel" class="testCase.TC006_Select_Hotel_Test_Build1"/>
        <method signature="TC007_Hotel_Data_Vrification_Test_Build1.Verify_HotelData()[pri:3, instance:testCase.TC007_Hotel_Data_Vrification_Test_Build1@35390ee3]" name="Verify_HotelData" class="testCase.TC007_Hotel_Data_Vrification_Test_Build1"/>
        <method signature="TC008_Price_Validation_Test_Build1.Price_Validation(org.testng.ITestContext)[pri:3, instance:testCase.TC008_Price_Validation_Test_Build1@5e01a982]" name="Price_Validation" class="testCase.TC008_Price_Validation_Test_Build1"/>
        <method signature="TC009_Book_Hotel_Test_Build1.Verify_BookingHotel()[pri:3, instance:testCase.TC009_Book_Hotel_Test_Build1@5ddea849]" name="Verify_BookingHotel" class="testCase.TC009_Book_Hotel_Test_Build1"/>
        <method signature="TC010_Booking_Confirmation_Test_Build1.BookingConfirmation()[pri:3, instance:testCase.TC010_Booking_Confirmation_Test_Build1@5ee2b6f9]" name="BookingConfirmation" class="testCase.TC010_Booking_Confirmation_Test_Build1"/>
        <method signature="TC011_Itenary_Test_Build1.MyItenary()[pri:3, instance:testCase.TC011_Itenary_Test_Build1@23d1e5d0]" name="MyItenary" class="testCase.TC011_Itenary_Test_Build1"/>
      </group> <!-- Build1 -->
      <group name="Build2">
        <method signature="TC012_LoginTest_Build2.veriy_Login()[pri:4, instance:testCase.TC012_LoginTest_Build2@704f1591]" name="veriy_Login" class="testCase.TC012_LoginTest_Build2"/>
        <method signature="TC013_SearchHotelTest_Build2.FillSearchHotel()[pri:4, instance:testCase.TC013_SearchHotelTest_Build2@58fb7731]" name="FillSearchHotel" class="testCase.TC013_SearchHotelTest_Build2"/>
        <method signature="TC014_CheckOutDateTest_Build2.Verify_CheckOut_Date()[pri:4, instance:testCase.TC014_CheckOutDateTest_Build2@13e547a9]" name="Verify_CheckOut_Date" class="testCase.TC014_CheckOutDateTest_Build2"/>
        <method signature="TC015_SelectHotelTest_Build2.Verify_Hotel()[pri:4, instance:testCase.TC015_SelectHotelTest_Build2@3fb6cf60]" name="Verify_Hotel" class="testCase.TC015_SelectHotelTest_Build2"/>
        <method signature="TC016_HotelDataVerificationTest_Build2.Verify_HotelData()[pri:4, instance:testCase.TC016_HotelDataVerificationTest_Build2@37ddb69a]" name="Verify_HotelData" class="testCase.TC016_HotelDataVerificationTest_Build2"/>
        <method signature="TC017_PriceValidationTest_Build2.Price_Validation()[pri:4, instance:testCase.TC017_PriceValidationTest_Build2@349c1daf]" name="Price_Validation" class="testCase.TC017_PriceValidationTest_Build2"/>
        <method signature="TC018_BookHotelTest_Build2.Verify_BookingHotel()[pri:4, instance:testCase.TC018_BookHotelTest_Build2@dfddc9a]" name="Verify_BookingHotel" class="testCase.TC018_BookHotelTest_Build2"/>
        <method signature="TC019_BookingConfirmationTest_Build2.BookingConfirmation()[pri:4, instance:testCase.TC019_BookingConfirmationTest_Build2@4b9df8a]" name="BookingConfirmation" class="testCase.TC019_BookingConfirmationTest_Build2"/>
        <method signature="TC020_ItenaryTest_Build2.MyItenary()[pri:4, instance:testCase.TC020_ItenaryTest_Build2@5e8ac0e1]" name="MyItenary" class="testCase.TC020_ItenaryTest_Build2"/>
      </group> <!-- Build2 -->
      <group name="DDT">
        <method signature="TC003_Login_DDT_Build1.verify_LoginDDT(java.lang.String,java.lang.String,java.lang.String)[pri:2, instance:testCase.TC003_Login_DDT_Build1@54a67a45]" name="verify_LoginDDT" class="testCase.TC003_Login_DDT_Build1"/>
      </group> <!-- DDT -->
      <group name="General">
        <method signature="TC001_NewUserRegistration.new_user_registration()[pri:1, instance:testCase.TC001_NewUserRegistration@544820b7]" name="new_user_registration" class="testCase.TC001_NewUserRegistration"/>
      </group> <!-- General -->
    </groups>
    <test started-at="2024-11-26T15:58:33 IST" name="Test" finished-at="2024-11-26T16:05:49 IST" duration-ms="435674">
      <class name="testCase.TC004_Search_Hotel_Test_Build1">
        <test-method is-config="true" signature="setup(java.lang.String,java.lang.String)[pri:0, instance:testCase.TC004_Search_Hotel_Test_Build1@7d42c224]" started-at="2024-11-26T15:59:02 IST" name="setup" finished-at="2024-11-26T15:59:05 IST" duration-ms="3062" status="PASS">
          <params>
            <param index="0">
              <value>
                <![CDATA[Windows]]>
              </value>
            </param>
            <param index="1">
              <value>
                <![CDATA[chrome]]>
              </value>
            </param>
          </params>
          <reporter-output>
          </reporter-output>
        </test-method> <!-- setup -->
        <test-method signature="FillSearchHotel()[pri:3, instance:testCase.TC004_Search_Hotel_Test_Build1@7d42c224]" started-at="2024-11-26T15:59:05 IST" name="FillSearchHotel" finished-at="2024-11-26T15:59:16 IST" duration-ms="11100" status="PASS">
          <reporter-output>
          </reporter-output>
        </test-method> <!-- FillSearchHotel -->
        <test-method is-config="true" signature="tearDown()[pri:0, instance:testCase.TC004_Search_Hotel_Test_Build1@7d42c224]" started-at="2024-11-26T15:59:16 IST" name="tearDown" finished-at="2024-11-26T15:59:16 IST" duration-ms="167" status="PASS">
          <reporter-output>
          </reporter-output>
        </test-method> <!-- tearDown -->
      </class> <!-- testCase.TC004_Search_Hotel_Test_Build1 -->
      <class name="testCase.TC020_ItenaryTest_Build2">
        <test-method is-config="true" signature="setup(java.lang.String,java.lang.String)[pri:0, instance:testCase.TC020_ItenaryTest_Build2@5e8ac0e1]" started-at="2024-11-26T16:05:05 IST" name="setup" finished-at="2024-11-26T16:05:08 IST" duration-ms="3167" status="PASS">
          <params>
            <param index="0">
              <value>
                <![CDATA[Windows]]>
              </value>
            </param>
            <param index="1">
              <value>
                <![CDATA[chrome]]>
              </value>
            </param>
          </params>
          <reporter-output>
          </reporter-output>
        </test-method> <!-- setup -->
        <test-method signature="MyItenary()[pri:4, instance:testCase.TC020_ItenaryTest_Build2@5e8ac0e1]" started-at="2024-11-26T16:05:08 IST" name="MyItenary" finished-at="2024-11-26T16:05:49 IST" duration-ms="40233" status="PASS">
          <reporter-output>
          </reporter-output>
        </test-method> <!-- MyItenary -->
        <test-method is-config="true" signature="tearDown()[pri:0, instance:testCase.TC020_ItenaryTest_Build2@5e8ac0e1]" started-at="2024-11-26T16:05:49 IST" name="tearDown" finished-at="2024-11-26T16:05:49 IST" duration-ms="262" status="PASS">
          <reporter-output>
          </reporter-output>
        </test-method> <!-- tearDown -->
      </class> <!-- testCase.TC020_ItenaryTest_Build2 -->
      <class name="testCase.TC003_Login_DDT_Build1">
        <test-method is-config="true" signature="setup(java.lang.String,java.lang.String)[pri:0, instance:testCase.TC003_Login_DDT_Build1@54a67a45]" started-at="2024-11-26T15:58:56 IST" name="setup" finished-at="2024-11-26T15:58:59 IST" duration-ms="3045" status="PASS">
          <params>
            <param index="0">
              <value>
                <![CDATA[Windows]]>
              </value>
            </param>
            <param index="1">
              <value>
                <![CDATA[chrome]]>
              </value>
            </param>
          </params>
          <reporter-output>
          </reporter-output>
        </test-method> <!-- setup -->
        <test-method signature="verify_LoginDDT(java.lang.String,java.lang.String,java.lang.String)[pri:2, instance:testCase.TC003_Login_DDT_Build1@54a67a45]" started-at="2024-11-26T15:58:59 IST" name="verify_LoginDDT" data-provider="LoginData" finished-at="2024-11-26T15:59:00 IST" duration-ms="358" status="PASS">
          <params>
            <param index="0">
              <value>
                <![CDATA[NinjaHatori]]>
              </value>
            </param>
            <param index="1">
              <value>
                <![CDATA[JS2200]]>
              </value>
            </param>
            <param index="2">
              <value>
                <![CDATA[invalid]]>
              </value>
            </param>
          </params>
          <reporter-output>
          </reporter-output>
        </test-method> <!-- verify_LoginDDT -->
        <test-method signature="verify_LoginDDT(java.lang.String,java.lang.String,java.lang.String)[pri:2, instance:testCase.TC003_Login_DDT_Build1@54a67a45]" started-at="2024-11-26T15:59:00 IST" name="verify_LoginDDT" data-provider="LoginData" finished-at="2024-11-26T15:59:00 IST" duration-ms="332" status="PASS">
          <params>
            <param index="0">
              <value>
                <![CDATA[MamtaKapoor]]>
              </value>
            </param>
            <param index="1">
              <value>
                <![CDATA[A30004]]>
              </value>
            </param>
            <param index="2">
              <value>
                <![CDATA[invalid]]>
              </value>
            </param>
          </params>
          <reporter-output>
          </reporter-output>
        </test-method> <!-- verify_LoginDDT -->
        <test-method signature="verify_LoginDDT(java.lang.String,java.lang.String,java.lang.String)[pri:2, instance:testCase.TC003_Login_DDT_Build1@54a67a45]" started-at="2024-11-26T15:59:00 IST" name="verify_LoginDDT" data-provider="LoginData" finished-at="2024-11-26T15:59:01 IST" duration-ms="1055" status="PASS">
          <params>
            <param index="0">
              <value>
                <![CDATA[NinjaHatori]]>
              </value>
            </param>
            <param index="1">
              <value>
                <![CDATA[A30004]]>
              </value>
            </param>
            <param index="2">
              <value>
                <![CDATA[valid]]>
              </value>
            </param>
          </params>
          <reporter-output>
          </reporter-output>
        </test-method> <!-- verify_LoginDDT -->
        <test-method signature="verify_LoginDDT(java.lang.String,java.lang.String,java.lang.String)[pri:2, instance:testCase.TC003_Login_DDT_Build1@54a67a45]" started-at="2024-11-26T15:59:01 IST" name="verify_LoginDDT" data-provider="LoginData" finished-at="2024-11-26T15:59:01 IST" duration-ms="133" status="PASS">
          <params>
            <param index="0">
              <value>
                <![CDATA[]]>
              </value>
            </param>
            <param index="1">
              <value>
                <![CDATA[A30004]]>
              </value>
            </param>
            <param index="2">
              <value>
                <![CDATA[invalid]]>
              </value>
            </param>
          </params>
          <reporter-output>
          </reporter-output>
        </test-method> <!-- verify_LoginDDT -->
        <test-method signature="verify_LoginDDT(java.lang.String,java.lang.String,java.lang.String)[pri:2, instance:testCase.TC003_Login_DDT_Build1@54a67a45]" started-at="2024-11-26T15:59:01 IST" name="verify_LoginDDT" data-provider="LoginData" finished-at="2024-11-26T15:59:01 IST" duration-ms="318" status="PASS">
          <params>
            <param index="0">
              <value>
                <![CDATA[MamtaKapoor]]>
              </value>
            </param>
            <param index="1">
              <value>
                <![CDATA[JS2200]]>
              </value>
            </param>
            <param index="2">
              <value>
                <![CDATA[invalid]]>
              </value>
            </param>
          </params>
          <reporter-output>
          </reporter-output>
        </test-method> <!-- verify_LoginDDT -->
        <test-method signature="verify_LoginDDT(java.lang.String,java.lang.String,java.lang.String)[pri:2, instance:testCase.TC003_Login_DDT_Build1@54a67a45]" started-at="2024-11-26T15:59:01 IST" name="verify_LoginDDT" data-provider="LoginData" finished-at="2024-11-26T15:59:01 IST" duration-ms="126" status="PASS">
          <params>
            <param index="0">
              <value>
                <![CDATA[NinjaHatori]]>
              </value>
            </param>
            <param index="1">
              <value>
                <![CDATA[]]>
              </value>
            </param>
            <param index="2">
              <value>
                <![CDATA[invalid]]>
              </value>
            </param>
          </params>
          <reporter-output>
          </reporter-output>
        </test-method> <!-- verify_LoginDDT -->
        <test-method is-config="true" signature="tearDown()[pri:0, instance:testCase.TC003_Login_DDT_Build1@54a67a45]" started-at="2024-11-26T15:59:01 IST" name="tearDown" finished-at="2024-11-26T15:59:02 IST" duration-ms="101" status="PASS">
          <reporter-output>
          </reporter-output>
        </test-method> <!-- tearDown -->
      </class> <!-- testCase.TC003_Login_DDT_Build1 -->
      <class name="testCase.TC018_BookHotelTest_Build2">
        <test-method is-config="true" signature="setup(java.lang.String,java.lang.String)[pri:0, instance:testCase.TC018_BookHotelTest_Build2@dfddc9a]" started-at="2024-11-26T16:03:55 IST" name="setup" finished-at="2024-11-26T16:03:58 IST" duration-ms="3177" status="PASS">
          <params>
            <param index="0">
              <value>
                <![CDATA[Windows]]>
              </value>
            </param>
            <param index="1">
              <value>
                <![CDATA[chrome]]>
              </value>
            </param>
          </params>
          <reporter-output>
          </reporter-output>
        </test-method> <!-- setup -->
        <test-method signature="Verify_BookingHotel()[pri:4, instance:testCase.TC018_BookHotelTest_Build2@dfddc9a]" started-at="2024-11-26T16:03:58 IST" name="Verify_BookingHotel" finished-at="2024-11-26T16:04:26 IST" duration-ms="28304" status="PASS">
          <reporter-output>
          </reporter-output>
        </test-method> <!-- Verify_BookingHotel -->
        <test-method is-config="true" signature="tearDown()[pri:0, instance:testCase.TC018_BookHotelTest_Build2@dfddc9a]" started-at="2024-11-26T16:04:26 IST" name="tearDown" finished-at="2024-11-26T16:04:26 IST" duration-ms="184" status="PASS">
          <reporter-output>
          </reporter-output>
        </test-method> <!-- tearDown -->
      </class> <!-- testCase.TC018_BookHotelTest_Build2 -->
      <class name="testCase.TC013_SearchHotelTest_Build2">
        <test-method is-config="true" signature="setup(java.lang.String,java.lang.String)[pri:0, instance:testCase.TC013_SearchHotelTest_Build2@58fb7731]" started-at="2024-11-26T16:02:17 IST" name="setup" finished-at="2024-11-26T16:02:21 IST" duration-ms="3785" status="PASS">
          <params>
            <param index="0">
              <value>
                <![CDATA[Windows]]>
              </value>
            </param>
            <param index="1">
              <value>
                <![CDATA[chrome]]>
              </value>
            </param>
          </params>
          <reporter-output>
          </reporter-output>
        </test-method> <!-- setup -->
        <test-method signature="FillSearchHotel()[pri:4, instance:testCase.TC013_SearchHotelTest_Build2@58fb7731]" started-at="2024-11-26T16:02:21 IST" name="FillSearchHotel" finished-at="2024-11-26T16:02:33 IST" duration-ms="11956" status="PASS">
          <reporter-output>
          </reporter-output>
        </test-method> <!-- FillSearchHotel -->
        <test-method is-config="true" signature="tearDown()[pri:0, instance:testCase.TC013_SearchHotelTest_Build2@58fb7731]" started-at="2024-11-26T16:02:33 IST" name="tearDown" finished-at="2024-11-26T16:02:33 IST" duration-ms="169" status="PASS">
          <reporter-output>
          </reporter-output>
        </test-method> <!-- tearDown -->
      </class> <!-- testCase.TC013_SearchHotelTest_Build2 -->
      <class name="testCase.TC001_NewUserRegistration">
        <test-method is-config="true" signature="setup(java.lang.String,java.lang.String)[pri:0, instance:testCase.TC001_NewUserRegistration@544820b7]" started-at="2024-11-26T15:58:33 IST" name="setup" finished-at="2024-11-26T15:58:37 IST" duration-ms="3351" status="PASS">
          <params>
            <param index="0">
              <value>
                <![CDATA[Windows]]>
              </value>
            </param>
            <param index="1">
              <value>
                <![CDATA[chrome]]>
              </value>
            </param>
          </params>
          <reporter-output>
          </reporter-output>
        </test-method> <!-- setup -->
        <test-method signature="new_user_registration()[pri:1, instance:testCase.TC001_NewUserRegistration@544820b7]" started-at="2024-11-26T15:58:37 IST" name="new_user_registration" finished-at="2024-11-26T15:58:51 IST" duration-ms="14616" status="PASS">
          <reporter-output>
          </reporter-output>
        </test-method> <!-- new_user_registration -->
        <test-method is-config="true" signature="tearDown()[pri:0, instance:testCase.TC001_NewUserRegistration@544820b7]" started-at="2024-11-26T15:58:51 IST" name="tearDown" finished-at="2024-11-26T15:58:52 IST" duration-ms="190" status="PASS">
          <reporter-output>
          </reporter-output>
        </test-method> <!-- tearDown -->
      </class> <!-- testCase.TC001_NewUserRegistration -->
      <class name="testCase.TC008_Price_Validation_Test_Build1">
        <test-method is-config="true" signature="setup(java.lang.String,java.lang.String)[pri:0, instance:testCase.TC008_Price_Validation_Test_Build1@5e01a982]" started-at="2024-11-26T16:00:07 IST" name="setup" finished-at="2024-11-26T16:00:10 IST" duration-ms="3010" status="PASS">
          <params>
            <param index="0">
              <value>
                <![CDATA[Windows]]>
              </value>
            </param>
            <param index="1">
              <value>
                <![CDATA[chrome]]>
              </value>
            </param>
          </params>
          <reporter-output>
          </reporter-output>
        </test-method> <!-- setup -->
        <test-method signature="Price_Validation(org.testng.ITestContext)[pri:3, instance:testCase.TC008_Price_Validation_Test_Build1@5e01a982]" started-at="2024-11-26T16:00:10 IST" name="Price_Validation" finished-at="2024-11-26T16:00:22 IST" duration-ms="11738" status="FAIL">
          <params>
            <param index="0">
              <value>
                <![CDATA[org.testng.TestRunner@25d0b918]]>
              </value>
            </param>
          </params>
          <exception class="java.lang.AssertionError">
            <message>
              <![CDATA[Final price mismatch! expected [AUD $ 2062.5] but found [AUD $ 2073.5]]]>
            </message>
            <full-stacktrace>
              <![CDATA[java.lang.AssertionError: Final price mismatch! expected [AUD $ 2062.5] but found [AUD $ 2073.5]
at org.testng.Assert.fail(Assert.java:111)
at org.testng.Assert.failNotEquals(Assert.java:1578)
at org.testng.Assert.assertEqualsImpl(Assert.java:150)
at org.testng.Assert.assertEquals(Assert.java:132)
at org.testng.Assert.assertEquals(Assert.java:656)
at testCase.TC008_Price_Validation_Test_Build1.Price_Validation(TC008_Price_Validation_Test_Build1.java:84)
at java.base/jdk.internal.reflect.NativeMethodAccessorImpl.invoke0(Native Method)
at java.base/jdk.internal.reflect.NativeMethodAccessorImpl.invoke(NativeMethodAccessorImpl.java:77)
at java.base/jdk.internal.reflect.DelegatingMethodAccessorImpl.invoke(DelegatingMethodAccessorImpl.java:43)
at java.base/java.lang.reflect.Method.invoke(Method.java:568)
at org.testng.internal.invokers.MethodInvocationHelper.invokeMethod(MethodInvocationHelper.java:139)
at org.testng.internal.invokers.TestInvoker.invokeMethod(TestInvoker.java:664)
at org.testng.internal.invokers.TestInvoker.invokeTestMethod(TestInvoker.java:227)
at org.testng.internal.invokers.MethodRunner.runInSequence(MethodRunner.java:50)
at org.testng.internal.invokers.TestInvoker$MethodInvocationAgent.invoke(TestInvoker.java:957)
at org.testng.internal.invokers.TestInvoker.invokeTestMethods(TestInvoker.java:200)
at org.testng.internal.invokers.TestMethodWorker.invokeTestMethods(TestMethodWorker.java:148)
at org.testng.internal.invokers.TestMethodWorker.run(TestMethodWorker.java:128)
at java.base/java.util.ArrayList.forEach(ArrayList.java:1511)
at org.testng.TestRunner.privateRun(TestRunner.java:848)
at org.testng.TestRunner.run(TestRunner.java:621)
at org.testng.SuiteRunner.runTest(SuiteRunner.java:443)
at org.testng.SuiteRunner.runSequentially(SuiteRunner.java:437)
at org.testng.SuiteRunner.privateRun(SuiteRunner.java:397)
at org.testng.SuiteRunner.run(SuiteRunner.java:336)
at org.testng.SuiteRunnerWorker.runSuite(SuiteRunnerWorker.java:52)
at org.testng.SuiteRunnerWorker.run(SuiteRunnerWorker.java:95)
at org.testng.TestNG.runSuitesSequentially(TestNG.java:1280)
at org.testng.TestNG.runSuitesLocally(TestNG.java:1200)
at org.testng.TestNG.runSuites(TestNG.java:1114)
at org.testng.TestNG.run(TestNG.java:1082)
at org.testng.remote.AbstractRemoteTestNG.run(AbstractRemoteTestNG.java:115)
at org.testng.remote.RemoteTestNG.initAndRun(RemoteTestNG.java:293)
at org.testng.remote.RemoteTestNG.main(RemoteTestNG.java:91)
]]>
            </full-stacktrace>
          </exception> <!-- java.lang.AssertionError -->
          <reporter-output>
          </reporter-output>
        </test-method> <!-- Price_Validation -->
        <test-method is-config="true" signature="tearDown()[pri:0, instance:testCase.TC008_Price_Validation_Test_Build1@5e01a982]" started-at="2024-11-26T16:00:22 IST" name="tearDown" finished-at="2024-11-26T16:00:22 IST" duration-ms="177" status="PASS">
          <reporter-output>
          </reporter-output>
        </test-method> <!-- tearDown -->
      </class> <!-- testCase.TC008_Price_Validation_Test_Build1 -->
      <class name="testCase.TC009_Book_Hotel_Test_Build1">
        <test-method is-config="true" signature="setup(java.lang.String,java.lang.String)[pri:0, instance:testCase.TC009_Book_Hotel_Test_Build1@5ddea849]" started-at="2024-11-26T16:00:22 IST" name="setup" finished-at="2024-11-26T16:00:25 IST" duration-ms="3458" status="PASS">
          <params>
            <param index="0">
              <value>
                <![CDATA[Windows]]>
              </value>
            </param>
            <param index="1">
              <value>
                <![CDATA[chrome]]>
              </value>
            </param>
          </params>
          <reporter-output>
          </reporter-output>
        </test-method> <!-- setup -->
        <test-method signature="Verify_BookingHotel()[pri:3, instance:testCase.TC009_Book_Hotel_Test_Build1@5ddea849]" started-at="2024-11-26T16:00:25 IST" name="Verify_BookingHotel" finished-at="2024-11-26T16:00:53 IST" duration-ms="27821" status="PASS">
          <reporter-output>
          </reporter-output>
        </test-method> <!-- Verify_BookingHotel -->
        <test-method is-config="true" signature="tearDown()[pri:0, instance:testCase.TC009_Book_Hotel_Test_Build1@5ddea849]" started-at="2024-11-26T16:00:53 IST" name="tearDown" finished-at="2024-11-26T16:00:53 IST" duration-ms="184" status="PASS">
          <reporter-output>
          </reporter-output>
        </test-method> <!-- tearDown -->
      </class> <!-- testCase.TC009_Book_Hotel_Test_Build1 -->
      <class name="testCase.TC010_Booking_Confirmation_Test_Build1">
        <test-method is-config="true" signature="setup(java.lang.String,java.lang.String)[pri:0, instance:testCase.TC010_Booking_Confirmation_Test_Build1@5ee2b6f9]" started-at="2024-11-26T16:00:53 IST" name="setup" finished-at="2024-11-26T16:00:56 IST" duration-ms="3122" status="PASS">
          <params>
            <param index="0">
              <value>
                <![CDATA[Windows]]>
              </value>
            </param>
            <param index="1">
              <value>
                <![CDATA[chrome]]>
              </value>
            </param>
          </params>
          <reporter-output>
          </reporter-output>
        </test-method> <!-- setup -->
        <test-method signature="BookingConfirmation()[pri:3, instance:testCase.TC010_Booking_Confirmation_Test_Build1@5ee2b6f9]" started-at="2024-11-26T16:00:56 IST" name="BookingConfirmation" finished-at="2024-11-26T16:01:29 IST" duration-ms="33056" status="FAIL">
          <exception class="java.lang.AssertionError">
            <message>
              <![CDATA[The following asserts failed:
RoomType Not Matched expected [Deluxe] but found [Standard],
Price Per Night Not Matched expected [null] but found [AUD $ 375],
Total Price Not Matched expected [null] but found [AUD $ 1885],
GST Not Matched expected [null] but found [AUD $ 188.5],
Final Price Not Matched expected [null] but found [AUD $ 2073.5],
Last Name Not Matched expected [Hatori] but found []]]>
            </message>
            <full-stacktrace>
              <![CDATA[java.lang.AssertionError: The following asserts failed:
RoomType Not Matched expected [Deluxe] but found [Standard],
Price Per Night Not Matched expected [null] but found [AUD $ 375],
Total Price Not Matched expected [null] but found [AUD $ 1885],
GST Not Matched expected [null] but found [AUD $ 188.5],
Final Price Not Matched expected [null] but found [AUD $ 2073.5],
Last Name Not Matched expected [Hatori] but found []
at org.testng.asserts.SoftAssert.assertAll(SoftAssert.java:46)
at org.testng.asserts.SoftAssert.assertAll(SoftAssert.java:30)
at testCase.TC010_Booking_Confirmation_Test_Build1.BookingConfirmation(TC010_Booking_Confirmation_Test_Build1.java:95)
at java.base/jdk.internal.reflect.NativeMethodAccessorImpl.invoke0(Native Method)
at java.base/jdk.internal.reflect.NativeMethodAccessorImpl.invoke(NativeMethodAccessorImpl.java:77)
at java.base/jdk.internal.reflect.DelegatingMethodAccessorImpl.invoke(DelegatingMethodAccessorImpl.java:43)
at java.base/java.lang.reflect.Method.invoke(Method.java:568)
at org.testng.internal.invokers.MethodInvocationHelper.invokeMethod(MethodInvocationHelper.java:139)
at org.testng.internal.invokers.TestInvoker.invokeMethod(TestInvoker.java:664)
at org.testng.internal.invokers.TestInvoker.invokeTestMethod(TestInvoker.java:227)
at org.testng.internal.invokers.MethodRunner.runInSequence(MethodRunner.java:50)
at org.testng.internal.invokers.TestInvoker$MethodInvocationAgent.invoke(TestInvoker.java:957)
at org.testng.internal.invokers.TestInvoker.invokeTestMethods(TestInvoker.java:200)
at org.testng.internal.invokers.TestMethodWorker.invokeTestMethods(TestMethodWorker.java:148)
at org.testng.internal.invokers.TestMethodWorker.run(TestMethodWorker.java:128)
at java.base/java.util.ArrayList.forEach(ArrayList.java:1511)
at org.testng.TestRunner.privateRun(TestRunner.java:848)
at org.testng.TestRunner.run(TestRunner.java:621)
at org.testng.SuiteRunner.runTest(SuiteRunner.java:443)
at org.testng.SuiteRunner.runSequentially(SuiteRunner.java:437)
at org.testng.SuiteRunner.privateRun(SuiteRunner.java:397)
at org.testng.SuiteRunner.run(SuiteRunner.java:336)
at org.testng.SuiteRunnerWorker.runSuite(SuiteRunnerWorker.java:52)
at org.testng.SuiteRunnerWorker.run(SuiteRunnerWorker.java:95)
at org.testng.TestNG.runSuitesSequentially(TestNG.java:1280)
at org.testng.TestNG.runSuitesLocally(TestNG.java:1200)
at org.testng.TestNG.runSuites(TestNG.java:1114)
at org.testng.TestNG.run(TestNG.java:1082)
at org.testng.remote.AbstractRemoteTestNG.run(AbstractRemoteTestNG.java:115)
at org.testng.remote.RemoteTestNG.initAndRun(RemoteTestNG.java:293)
at org.testng.remote.RemoteTestNG.main(RemoteTestNG.java:91)
]]>
            </full-stacktrace>
          </exception> <!-- java.lang.AssertionError -->
          <reporter-output>
          </reporter-output>
        </test-method> <!-- BookingConfirmation -->
        <test-method is-config="true" signature="tearDown()[pri:0, instance:testCase.TC010_Booking_Confirmation_Test_Build1@5ee2b6f9]" started-at="2024-11-26T16:01:30 IST" name="tearDown" finished-at="2024-11-26T16:01:30 IST" duration-ms="219" status="PASS">
          <reporter-output>
          </reporter-output>
        </test-method> <!-- tearDown -->
      </class> <!-- testCase.TC010_Booking_Confirmation_Test_Build1 -->
      <class name="testCase.TC016_HotelDataVerificationTest_Build2">
        <test-method is-config="true" signature="setup(java.lang.String,java.lang.String)[pri:0, instance:testCase.TC016_HotelDataVerificationTest_Build2@37ddb69a]" started-at="2024-11-26T16:03:09 IST" name="setup" finished-at="2024-11-26T16:03:13 IST" duration-ms="4314" status="PASS">
          <params>
            <param index="0">
              <value>
                <![CDATA[Windows]]>
              </value>
            </param>
            <param index="1">
              <value>
                <![CDATA[chrome]]>
              </value>
            </param>
          </params>
          <reporter-output>
          </reporter-output>
        </test-method> <!-- setup -->
        <test-method signature="Verify_HotelData()[pri:4, instance:testCase.TC016_HotelDataVerificationTest_Build2@37ddb69a]" started-at="2024-11-26T16:03:13 IST" name="Verify_HotelData" finished-at="2024-11-26T16:03:39 IST" duration-ms="25608" status="PASS">
          <reporter-output>
          </reporter-output>
        </test-method> <!-- Verify_HotelData -->
        <test-method is-config="true" signature="tearDown()[pri:0, instance:testCase.TC016_HotelDataVerificationTest_Build2@37ddb69a]" started-at="2024-11-26T16:03:39 IST" name="tearDown" finished-at="2024-11-26T16:03:39 IST" duration-ms="192" status="PASS">
          <reporter-output>
          </reporter-output>
        </test-method> <!-- tearDown -->
      </class> <!-- testCase.TC016_HotelDataVerificationTest_Build2 -->
      <class name="testCase.TC002_Login_Build1_Test">
        <test-method is-config="true" signature="setup(java.lang.String,java.lang.String)[pri:0, instance:testCase.TC002_Login_Build1_Test@2e554a3b]" started-at="2024-11-26T15:58:52 IST" name="setup" finished-at="2024-11-26T15:58:55 IST" duration-ms="3078" status="PASS">
          <params>
            <param index="0">
              <value>
                <![CDATA[Windows]]>
              </value>
            </param>
            <param index="1">
              <value>
                <![CDATA[chrome]]>
              </value>
            </param>
          </params>
          <reporter-output>
          </reporter-output>
        </test-method> <!-- setup -->
        <test-method signature="veriy_Login()[pri:3, instance:testCase.TC002_Login_Build1_Test@2e554a3b]" started-at="2024-11-26T15:58:55 IST" name="veriy_Login" finished-at="2024-11-26T15:58:55 IST" duration-ms="700" status="PASS">
          <reporter-output>
          </reporter-output>
        </test-method> <!-- veriy_Login -->
        <test-method is-config="true" signature="tearDown()[pri:0, instance:testCase.TC002_Login_Build1_Test@2e554a3b]" started-at="2024-11-26T15:58:55 IST" name="tearDown" finished-at="2024-11-26T15:58:56 IST" duration-ms="154" status="PASS">
          <reporter-output>
          </reporter-output>
        </test-method> <!-- tearDown -->
      </class> <!-- testCase.TC002_Login_Build1_Test -->
      <class name="testCase.TC015_SelectHotelTest_Build2">
        <test-method is-config="true" signature="setup(java.lang.String,java.lang.String)[pri:0, instance:testCase.TC015_SelectHotelTest_Build2@3fb6cf60]" started-at="2024-11-26T16:02:51 IST" name="setup" finished-at="2024-11-26T16:02:56 IST" duration-ms="4634" status="PASS">
          <params>
            <param index="0">
              <value>
                <![CDATA[Windows]]>
              </value>
            </param>
            <param index="1">
              <value>
                <![CDATA[chrome]]>
              </value>
            </param>
          </params>
          <reporter-output>
          </reporter-output>
        </test-method> <!-- setup -->
        <test-method signature="Verify_Hotel()[pri:4, instance:testCase.TC015_SelectHotelTest_Build2@3fb6cf60]" started-at="2024-11-26T16:02:56 IST" name="Verify_Hotel" finished-at="2024-11-26T16:03:08 IST" duration-ms="12668" status="PASS">
          <reporter-output>
          </reporter-output>
        </test-method> <!-- Verify_Hotel -->
        <test-method is-config="true" signature="tearDown()[pri:0, instance:testCase.TC015_SelectHotelTest_Build2@3fb6cf60]" started-at="2024-11-26T16:03:08 IST" name="tearDown" finished-at="2024-11-26T16:03:09 IST" duration-ms="195" status="PASS">
          <reporter-output>
          </reporter-output>
        </test-method> <!-- tearDown -->
      </class> <!-- testCase.TC015_SelectHotelTest_Build2 -->
      <class name="testCase.TC011_Itenary_Test_Build1">
        <test-method is-config="true" signature="setup(java.lang.String,java.lang.String)[pri:0, instance:testCase.TC011_Itenary_Test_Build1@23d1e5d0]" started-at="2024-11-26T16:01:30 IST" name="setup" finished-at="2024-11-26T16:01:33 IST" duration-ms="3178" status="PASS">
          <params>
            <param index="0">
              <value>
                <![CDATA[Windows]]>
              </value>
            </param>
            <param index="1">
              <value>
                <![CDATA[chrome]]>
              </value>
            </param>
          </params>
          <reporter-output>
          </reporter-output>
        </test-method> <!-- setup -->
        <test-method signature="MyItenary()[pri:3, instance:testCase.TC011_Itenary_Test_Build1@23d1e5d0]" started-at="2024-11-26T16:01:33 IST" name="MyItenary" finished-at="2024-11-26T16:02:11 IST" duration-ms="38489" status="PASS">
          <reporter-output>
          </reporter-output>
        </test-method> <!-- MyItenary -->
        <test-method is-config="true" signature="tearDown()[pri:0, instance:testCase.TC011_Itenary_Test_Build1@23d1e5d0]" started-at="2024-11-26T16:02:11 IST" name="tearDown" finished-at="2024-11-26T16:02:12 IST" duration-ms="259" status="PASS">
          <reporter-output>
          </reporter-output>
        </test-method> <!-- tearDown -->
      </class> <!-- testCase.TC011_Itenary_Test_Build1 -->
      <class name="testCase.TC012_LoginTest_Build2">
        <test-method is-config="true" signature="setup(java.lang.String,java.lang.String)[pri:0, instance:testCase.TC012_LoginTest_Build2@704f1591]" started-at="2024-11-26T16:02:12 IST" name="setup" finished-at="2024-11-26T16:02:15 IST" duration-ms="3347" status="PASS">
          <params>
            <param index="0">
              <value>
                <![CDATA[Windows]]>
              </value>
            </param>
            <param index="1">
              <value>
                <![CDATA[chrome]]>
              </value>
            </param>
          </params>
          <reporter-output>
          </reporter-output>
        </test-method> <!-- setup -->
        <test-method signature="veriy_Login()[pri:4, instance:testCase.TC012_LoginTest_Build2@704f1591]" started-at="2024-11-26T16:02:15 IST" name="veriy_Login" finished-at="2024-11-26T16:02:17 IST" duration-ms="1723" status="PASS">
          <reporter-output>
          </reporter-output>
        </test-method> <!-- veriy_Login -->
        <test-method is-config="true" signature="tearDown()[pri:0, instance:testCase.TC012_LoginTest_Build2@704f1591]" started-at="2024-11-26T16:02:17 IST" name="tearDown" finished-at="2024-11-26T16:02:17 IST" duration-ms="140" status="PASS">
          <reporter-output>
          </reporter-output>
        </test-method> <!-- tearDown -->
      </class> <!-- testCase.TC012_LoginTest_Build2 -->
      <class name="testCase.TC007_Hotel_Data_Vrification_Test_Build1">
        <test-method is-config="true" signature="setup(java.lang.String,java.lang.String)[pri:0, instance:testCase.TC007_Hotel_Data_Vrification_Test_Build1@35390ee3]" started-at="2024-11-26T15:59:42 IST" name="setup" finished-at="2024-11-26T15:59:46 IST" duration-ms="3124" status="PASS">
          <params>
            <param index="0">
              <value>
                <![CDATA[Windows]]>
              </value>
            </param>
            <param index="1">
              <value>
                <![CDATA[chrome]]>
              </value>
            </param>
          </params>
          <reporter-output>
          </reporter-output>
        </test-method> <!-- setup -->
        <test-method signature="Verify_HotelData()[pri:3, instance:testCase.TC007_Hotel_Data_Vrification_Test_Build1@35390ee3]" started-at="2024-11-26T15:59:46 IST" name="Verify_HotelData" finished-at="2024-11-26T16:00:07 IST" duration-ms="20951" status="PASS">
          <reporter-output>
          </reporter-output>
        </test-method> <!-- Verify_HotelData -->
        <test-method is-config="true" signature="tearDown()[pri:0, instance:testCase.TC007_Hotel_Data_Vrification_Test_Build1@35390ee3]" started-at="2024-11-26T16:00:07 IST" name="tearDown" finished-at="2024-11-26T16:00:07 IST" duration-ms="189" status="PASS">
          <reporter-output>
          </reporter-output>
        </test-method> <!-- tearDown -->
      </class> <!-- testCase.TC007_Hotel_Data_Vrification_Test_Build1 -->
      <class name="testCase.TC019_BookingConfirmationTest_Build2">
        <test-method is-config="true" signature="setup(java.lang.String,java.lang.String)[pri:0, instance:testCase.TC019_BookingConfirmationTest_Build2@4b9df8a]" started-at="2024-11-26T16:04:26 IST" name="setup" finished-at="2024-11-26T16:04:31 IST" duration-ms="4273" status="PASS">
          <params>
            <param index="0">
              <value>
                <![CDATA[Windows]]>
              </value>
            </param>
            <param index="1">
              <value>
                <![CDATA[chrome]]>
              </value>
            </param>
          </params>
          <reporter-output>
          </reporter-output>
        </test-method> <!-- setup -->
        <test-method signature="BookingConfirmation()[pri:4, instance:testCase.TC019_BookingConfirmationTest_Build2@4b9df8a]" started-at="2024-11-26T16:04:31 IST" name="BookingConfirmation" finished-at="2024-11-26T16:05:05 IST" duration-ms="34424" status="FAIL">
          <exception class="java.lang.AssertionError">
            <message>
              <![CDATA[The following asserts failed:
Price Per Night Not Matched expected [null] but found [AUD $ 375],
Total Price Not Matched expected [null] but found [AUD $ 1875],
GST Not Matched expected [null] but found [AUD $ 187.5],
Final Price Not Matched expected [null] but found [AUD $ 2062.5]]]>
            </message>
            <full-stacktrace>
              <![CDATA[java.lang.AssertionError: The following asserts failed:
Price Per Night Not Matched expected [null] but found [AUD $ 375],
Total Price Not Matched expected [null] but found [AUD $ 1875],
GST Not Matched expected [null] but found [AUD $ 187.5],
Final Price Not Matched expected [null] but found [AUD $ 2062.5]
at org.testng.asserts.SoftAssert.assertAll(SoftAssert.java:46)
at org.testng.asserts.SoftAssert.assertAll(SoftAssert.java:30)
at testCase.TC019_BookingConfirmationTest_Build2.BookingConfirmation(TC019_BookingConfirmationTest_Build2.java:95)
at java.base/jdk.internal.reflect.NativeMethodAccessorImpl.invoke0(Native Method)
at java.base/jdk.internal.reflect.NativeMethodAccessorImpl.invoke(NativeMethodAccessorImpl.java:77)
at java.base/jdk.internal.reflect.DelegatingMethodAccessorImpl.invoke(DelegatingMethodAccessorImpl.java:43)
at java.base/java.lang.reflect.Method.invoke(Method.java:568)
at org.testng.internal.invokers.MethodInvocationHelper.invokeMethod(MethodInvocationHelper.java:139)
at org.testng.internal.invokers.TestInvoker.invokeMethod(TestInvoker.java:664)
at org.testng.internal.invokers.TestInvoker.invokeTestMethod(TestInvoker.java:227)
at org.testng.internal.invokers.MethodRunner.runInSequence(MethodRunner.java:50)
at org.testng.internal.invokers.TestInvoker$MethodInvocationAgent.invoke(TestInvoker.java:957)
at org.testng.internal.invokers.TestInvoker.invokeTestMethods(TestInvoker.java:200)
at org.testng.internal.invokers.TestMethodWorker.invokeTestMethods(TestMethodWorker.java:148)
at org.testng.internal.invokers.TestMethodWorker.run(TestMethodWorker.java:128)
at java.base/java.util.ArrayList.forEach(ArrayList.java:1511)
at org.testng.TestRunner.privateRun(TestRunner.java:848)
at org.testng.TestRunner.run(TestRunner.java:621)
at org.testng.SuiteRunner.runTest(SuiteRunner.java:443)
at org.testng.SuiteRunner.runSequentially(SuiteRunner.java:437)
at org.testng.SuiteRunner.privateRun(SuiteRunner.java:397)
at org.testng.SuiteRunner.run(SuiteRunner.java:336)
at org.testng.SuiteRunnerWorker.runSuite(SuiteRunnerWorker.java:52)
at org.testng.SuiteRunnerWorker.run(SuiteRunnerWorker.java:95)
at org.testng.TestNG.runSuitesSequentially(TestNG.java:1280)
at org.testng.TestNG.runSuitesLocally(TestNG.java:1200)
at org.testng.TestNG.runSuites(TestNG.java:1114)
at org.testng.TestNG.run(TestNG.java:1082)
at org.testng.remote.AbstractRemoteTestNG.run(AbstractRemoteTestNG.java:115)
at org.testng.remote.RemoteTestNG.initAndRun(RemoteTestNG.java:293)
at org.testng.remote.RemoteTestNG.main(RemoteTestNG.java:91)
]]>
            </full-stacktrace>
          </exception> <!-- java.lang.AssertionError -->
          <reporter-output>
          </reporter-output>
        </test-method> <!-- BookingConfirmation -->
        <test-method is-config="true" signature="tearDown()[pri:0, instance:testCase.TC019_BookingConfirmationTest_Build2@4b9df8a]" started-at="2024-11-26T16:05:05 IST" name="tearDown" finished-at="2024-11-26T16:05:05 IST" duration-ms="173" status="PASS">
          <reporter-output>
          </reporter-output>
        </test-method> <!-- tearDown -->
      </class> <!-- testCase.TC019_BookingConfirmationTest_Build2 -->
      <class name="testCase.TC014_CheckOutDateTest_Build2">
        <test-method is-config="true" signature="setup(java.lang.String,java.lang.String)[pri:0, instance:testCase.TC014_CheckOutDateTest_Build2@13e547a9]" started-at="2024-11-26T16:02:33 IST" name="setup" finished-at="2024-11-26T16:02:37 IST" duration-ms="4140" status="PASS">
          <params>
            <param index="0">
              <value>
                <![CDATA[Windows]]>
              </value>
            </param>
            <param index="1">
              <value>
                <![CDATA[chrome]]>
              </value>
            </param>
          </params>
          <reporter-output>
          </reporter-output>
        </test-method> <!-- setup -->
        <test-method signature="Verify_CheckOut_Date()[pri:4, instance:testCase.TC014_CheckOutDateTest_Build2@13e547a9]" started-at="2024-11-26T16:02:37 IST" name="Verify_CheckOut_Date" finished-at="2024-11-26T16:02:51 IST" duration-ms="13953" status="PASS">
          <reporter-output>
          </reporter-output>
        </test-method> <!-- Verify_CheckOut_Date -->
        <test-method is-config="true" signature="tearDown()[pri:0, instance:testCase.TC014_CheckOutDateTest_Build2@13e547a9]" started-at="2024-11-26T16:02:51 IST" name="tearDown" finished-at="2024-11-26T16:02:51 IST" duration-ms="204" status="PASS">
          <reporter-output>
          </reporter-output>
        </test-method> <!-- tearDown -->
      </class> <!-- testCase.TC014_CheckOutDateTest_Build2 -->
      <class name="testCase.TC017_PriceValidationTest_Build2">
        <test-method is-config="true" signature="setup(java.lang.String,java.lang.String)[pri:0, instance:testCase.TC017_PriceValidationTest_Build2@349c1daf]" started-at="2024-11-26T16:03:39 IST" name="setup" finished-at="2024-11-26T16:03:42 IST" duration-ms="3001" status="PASS">
          <params>
            <param index="0">
              <value>
                <![CDATA[Windows]]>
              </value>
            </param>
            <param index="1">
              <value>
                <![CDATA[chrome]]>
              </value>
            </param>
          </params>
          <reporter-output>
          </reporter-output>
        </test-method> <!-- setup -->
        <test-method signature="Price_Validation()[pri:4, instance:testCase.TC017_PriceValidationTest_Build2@349c1daf]" started-at="2024-11-26T16:03:42 IST" name="Price_Validation" finished-at="2024-11-26T16:03:54 IST" duration-ms="12692" status="PASS">
          <reporter-output>
          </reporter-output>
        </test-method> <!-- Price_Validation -->
        <test-method is-config="true" signature="tearDown()[pri:0, instance:testCase.TC017_PriceValidationTest_Build2@349c1daf]" started-at="2024-11-26T16:03:54 IST" name="tearDown" finished-at="2024-11-26T16:03:55 IST" duration-ms="169" status="PASS">
          <reporter-output>
          </reporter-output>
        </test-method> <!-- tearDown -->
      </class> <!-- testCase.TC017_PriceValidationTest_Build2 -->
      <class name="testCase.TC006_Select_Hotel_Test_Build1">
        <test-method is-config="true" signature="setup(java.lang.String,java.lang.String)[pri:0, instance:testCase.TC006_Select_Hotel_Test_Build1@522a32b1]" started-at="2024-11-26T15:59:34 IST" name="setup" finished-at="2024-11-26T15:59:37 IST" duration-ms="2961" status="PASS">
          <params>
            <param index="0">
              <value>
                <![CDATA[Windows]]>
              </value>
            </param>
            <param index="1">
              <value>
                <![CDATA[chrome]]>
              </value>
            </param>
          </params>
          <reporter-output>
          </reporter-output>
        </test-method> <!-- setup -->
        <test-method signature="Verify_Hotel()[pri:3, instance:testCase.TC006_Select_Hotel_Test_Build1@522a32b1]" started-at="2024-11-26T15:59:37 IST" name="Verify_Hotel" finished-at="2024-11-26T15:59:42 IST" duration-ms="5466" status="PASS">
          <reporter-output>
          </reporter-output>
        </test-method> <!-- Verify_Hotel -->
        <test-method is-config="true" signature="tearDown()[pri:0, instance:testCase.TC006_Select_Hotel_Test_Build1@522a32b1]" started-at="2024-11-26T15:59:42 IST" name="tearDown" finished-at="2024-11-26T15:59:42 IST" duration-ms="138" status="PASS">
          <reporter-output>
          </reporter-output>
        </test-method> <!-- tearDown -->
      </class> <!-- testCase.TC006_Select_Hotel_Test_Build1 -->
      <class name="testCase.TC005_CheckOut_Date_Test_Build1">
        <test-method is-config="true" signature="setup(java.lang.String,java.lang.String)[pri:0, instance:testCase.TC005_CheckOut_Date_Test_Build1@56aaaecd]" started-at="2024-11-26T15:59:16 IST" name="setup" finished-at="2024-11-26T15:59:20 IST" duration-ms="3669" status="PASS">
          <params>
            <param index="0">
              <value>
                <![CDATA[Windows]]>
              </value>
            </param>
            <param index="1">
              <value>
                <![CDATA[chrome]]>
              </value>
            </param>
          </params>
          <reporter-output>
          </reporter-output>
        </test-method> <!-- setup -->
        <test-method signature="Verify_CheckOut_Date()[pri:3, instance:testCase.TC005_CheckOut_Date_Test_Build1@56aaaecd]" started-at="2024-11-26T15:59:20 IST" name="Verify_CheckOut_Date" finished-at="2024-11-26T15:59:34 IST" duration-ms="14102" status="PASS">
          <reporter-output>
          </reporter-output>
        </test-method> <!-- Verify_CheckOut_Date -->
        <test-method is-config="true" signature="tearDown()[pri:0, instance:testCase.TC005_CheckOut_Date_Test_Build1@56aaaecd]" started-at="2024-11-26T15:59:34 IST" name="tearDown" finished-at="2024-11-26T15:59:34 IST" duration-ms="234" status="PASS">
          <reporter-output>
          </reporter-output>
        </test-method> <!-- tearDown -->
      </class> <!-- testCase.TC005_CheckOut_Date_Test_Build1 -->
    </test> <!-- Test -->
  </suite> <!-- Suite -->
</testng-results>
